[2020-10-26 14:22:20] local.ERROR: include(/Users/oliverbohm/project/timetape/vendor/composer/../../app/Providers/AuthServiceProvider.php): failed to open stream: No such file or directory {"exception":"[object] (ErrorException(code: 0): include(/Users/oliverbohm/project/timetape/vendor/composer/../../app/Providers/AuthServiceProvider.php): failed to open stream: No such file or directory at /Users/oliverbohm/project/timetape/vendor/composer/ClassLoader.php:444)
[stacktrace]
#0 /Users/oliverbohm/project/timetape/vendor/composer/ClassLoader.php(444): Illuminate\\Foundation\\Bootstrap\\HandleExceptions->handleError(2, 'include(/Users/...', '/Users/oliverbo...', 444, Array)
#1 /Users/oliverbohm/project/timetape/vendor/composer/ClassLoader.php(444): include()
#2 /Users/oliverbohm/project/timetape/vendor/composer/ClassLoader.php(322): Composer\\Autoload\\includeFile('/Users/oliverbo...')
#3 [internal function]: Composer\\Autoload\\ClassLoader->loadClass('App\\\\Providers\\\\A...')
#4 /Users/oliverbohm/project/timetape/vendor/laravel/framework/src/Illuminate/Foundation/Application.php(690): spl_autoload_call('App\\\\Providers\\\\A...')
#5 /Users/oliverbohm/project/timetape/vendor/laravel/framework/src/Illuminate/Foundation/Application.php(624): Illuminate\\Foundation\\Application->resolveProvider('App\\\\Providers\\\\A...')
#6 /Users/oliverbohm/project/timetape/vendor/laravel/framework/src/Illuminate/Foundation/ProviderRepository.php(75): Illuminate\\Foundation\\Application->register('App\\\\Providers\\\\A...')
#7 /Users/oliverbohm/project/timetape/vendor/laravel/framework/src/Illuminate/Foundation/Application.php(604): Illuminate\\Foundation\\ProviderRepository->load(Array)
#8 /Users/oliverbohm/project/timetape/vendor/laravel/framework/src/Illuminate/Foundation/Bootstrap/RegisterProviders.php(17): Illuminate\\Foundation\\Application->registerConfiguredProviders()
#9 /Users/oliverbohm/project/timetape/vendor/laravel/framework/src/Illuminate/Foundation/Application.php(230): Illuminate\\Foundation\\Bootstrap\\RegisterProviders->bootstrap(Object(Illuminate\\Foundation\\Application))
#10 /Users/oliverbohm/project/timetape/vendor/laravel/framework/src/Illuminate/Foundation/Console/Kernel.php(310): Illuminate\\Foundation\\Application->bootstrapWith(Array)
#11 /Users/oliverbohm/project/timetape/vendor/laravel/framework/src/Illuminate/Foundation/Console/Kernel.php(127): Illuminate\\Foundation\\Console\\Kernel->bootstrap()
#12 /Users/oliverbohm/project/timetape/artisan(37): Illuminate\\Foundation\\Console\\Kernel->handle(Object(Symfony\\Component\\Console\\Input\\ArgvInput), Object(Symfony\\Component\\Console\\Output\\ConsoleOutput))
#13 {main}
"} 
[2020-10-28 09:55:10] local.ERROR: include(/Users/oliverbohm/project/timetape/vendor/composer/../../app/Providers/AuthServiceProvider.php): failed to open stream: No such file or directory {"exception":"[object] (ErrorException(code: 0): include(/Users/oliverbohm/project/timetape/vendor/composer/../../app/Providers/AuthServiceProvider.php): failed to open stream: No such file or directory at /Users/oliverbohm/project/timetape/vendor/composer/ClassLoader.php:444)
[stacktrace]
#0 /Users/oliverbohm/project/timetape/vendor/composer/ClassLoader.php(444): Illuminate\\Foundation\\Bootstrap\\HandleExceptions->handleError(2, 'include(/Users/...', '/Users/oliverbo...', 444, Array)
#1 /Users/oliverbohm/project/timetape/vendor/composer/ClassLoader.php(444): include()
#2 /Users/oliverbohm/project/timetape/vendor/composer/ClassLoader.php(322): Composer\\Autoload\\includeFile('/Users/oliverbo...')
#3 [internal function]: Composer\\Autoload\\ClassLoader->loadClass('App\\\\Providers\\\\A...')
#4 /Users/oliverbohm/project/timetape/vendor/laravel/framework/src/Illuminate/Foundation/Application.php(690): spl_autoload_call('App\\\\Providers\\\\A...')
#5 /Users/oliverbohm/project/timetape/vendor/laravel/framework/src/Illuminate/Foundation/Application.php(624): Illuminate\\Foundation\\Application->resolveProvider('App\\\\Providers\\\\A...')
#6 /Users/oliverbohm/project/timetape/vendor/laravel/framework/src/Illuminate/Foundation/ProviderRepository.php(75): Illuminate\\Foundation\\Application->register('App\\\\Providers\\\\A...')
#7 /Users/oliverbohm/project/timetape/vendor/laravel/framework/src/Illuminate/Foundation/Application.php(604): Illuminate\\Foundation\\ProviderRepository->load(Array)
#8 /Users/oliverbohm/project/timetape/vendor/laravel/framework/src/Illuminate/Foundation/Bootstrap/RegisterProviders.php(17): Illuminate\\Foundation\\Application->registerConfiguredProviders()
#9 /Users/oliverbohm/project/timetape/vendor/laravel/framework/src/Illuminate/Foundation/Application.php(230): Illuminate\\Foundation\\Bootstrap\\RegisterProviders->bootstrap(Object(Illuminate\\Foundation\\Application))
#10 /Users/oliverbohm/project/timetape/vendor/laravel/framework/src/Illuminate/Foundation/Console/Kernel.php(310): Illuminate\\Foundation\\Application->bootstrapWith(Array)
#11 /Users/oliverbohm/project/timetape/vendor/laravel/framework/src/Illuminate/Foundation/Console/Kernel.php(127): Illuminate\\Foundation\\Console\\Kernel->bootstrap()
#12 /Users/oliverbohm/project/timetape/artisan(37): Illuminate\\Foundation\\Console\\Kernel->handle(Object(Symfony\\Component\\Console\\Input\\ArgvInput), Object(Symfony\\Component\\Console\\Output\\ConsoleOutput))
#13 {main}
"} 
[2020-10-28 09:57:05] local.ERROR: include(/Users/oliverbohm/project/timetape/vendor/composer/../../app/Providers/AuthServiceProvider.php): failed to open stream: No such file or directory {"exception":"[object] (ErrorException(code: 0): include(/Users/oliverbohm/project/timetape/vendor/composer/../../app/Providers/AuthServiceProvider.php): failed to open stream: No such file or directory at /Users/oliverbohm/project/timetape/vendor/composer/ClassLoader.php:444)
[stacktrace]
#0 /Users/oliverbohm/project/timetape/vendor/composer/ClassLoader.php(444): Illuminate\\Foundation\\Bootstrap\\HandleExceptions->handleError(2, 'include(/Users/...', '/Users/oliverbo...', 444, Array)
#1 /Users/oliverbohm/project/timetape/vendor/composer/ClassLoader.php(444): include()
#2 /Users/oliverbohm/project/timetape/vendor/composer/ClassLoader.php(322): Composer\\Autoload\\includeFile('/Users/oliverbo...')
#3 [internal function]: Composer\\Autoload\\ClassLoader->loadClass('App\\\\Providers\\\\A...')
#4 /Users/oliverbohm/project/timetape/vendor/laravel/framework/src/Illuminate/Foundation/Application.php(690): spl_autoload_call('App\\\\Providers\\\\A...')
#5 /Users/oliverbohm/project/timetape/vendor/laravel/framework/src/Illuminate/Foundation/Application.php(624): Illuminate\\Foundation\\Application->resolveProvider('App\\\\Providers\\\\A...')
#6 /Users/oliverbohm/project/timetape/vendor/laravel/framework/src/Illuminate/Foundation/ProviderRepository.php(75): Illuminate\\Foundation\\Application->register('App\\\\Providers\\\\A...')
#7 /Users/oliverbohm/project/timetape/vendor/laravel/framework/src/Illuminate/Foundation/Application.php(604): Illuminate\\Foundation\\ProviderRepository->load(Array)
#8 /Users/oliverbohm/project/timetape/vendor/laravel/framework/src/Illuminate/Foundation/Bootstrap/RegisterProviders.php(17): Illuminate\\Foundation\\Application->registerConfiguredProviders()
#9 /Users/oliverbohm/project/timetape/vendor/laravel/framework/src/Illuminate/Foundation/Application.php(230): Illuminate\\Foundation\\Bootstrap\\RegisterProviders->bootstrap(Object(Illuminate\\Foundation\\Application))
#10 /Users/oliverbohm/project/timetape/vendor/laravel/framework/src/Illuminate/Foundation/Console/Kernel.php(310): Illuminate\\Foundation\\Application->bootstrapWith(Array)
#11 /Users/oliverbohm/project/timetape/vendor/laravel/framework/src/Illuminate/Foundation/Console/Kernel.php(127): Illuminate\\Foundation\\Console\\Kernel->bootstrap()
#12 /Users/oliverbohm/project/timetape/artisan(37): Illuminate\\Foundation\\Console\\Kernel->handle(Object(Symfony\\Component\\Console\\Input\\ArgvInput), Object(Symfony\\Component\\Console\\Output\\ConsoleOutput))
#13 {main}
"} 
[2020-10-28 11:00:14] local.ERROR: include(/Users/oliverbohm/project/timetape/vendor/composer/../../app/Providers/EventServiceProvider.php): failed to open stream: No such file or directory {"exception":"[object] (ErrorException(code: 0): include(/Users/oliverbohm/project/timetape/vendor/composer/../../app/Providers/EventServiceProvider.php): failed to open stream: No such file or directory at /Users/oliverbohm/project/timetape/vendor/composer/ClassLoader.php:444)
[stacktrace]
#0 /Users/oliverbohm/project/timetape/vendor/composer/ClassLoader.php(444): Illuminate\\Foundation\\Bootstrap\\HandleExceptions->handleError(2, 'include(/Users/...', '/Users/oliverbo...', 444, Array)
#1 /Users/oliverbohm/project/timetape/vendor/composer/ClassLoader.php(444): include()
#2 /Users/oliverbohm/project/timetape/vendor/composer/ClassLoader.php(322): Composer\\Autoload\\includeFile('/Users/oliverbo...')
#3 [internal function]: Composer\\Autoload\\ClassLoader->loadClass('App\\\\Providers\\\\E...')
#4 /Users/oliverbohm/project/timetape/vendor/laravel/framework/src/Illuminate/Foundation/Application.php(690): spl_autoload_call('App\\\\Providers\\\\E...')
#5 /Users/oliverbohm/project/timetape/vendor/laravel/framework/src/Illuminate/Foundation/Application.php(624): Illuminate\\Foundation\\Application->resolveProvider('App\\\\Providers\\\\E...')
#6 /Users/oliverbohm/project/timetape/vendor/laravel/framework/src/Illuminate/Foundation/ProviderRepository.php(75): Illuminate\\Foundation\\Application->register('App\\\\Providers\\\\E...')
#7 /Users/oliverbohm/project/timetape/vendor/laravel/framework/src/Illuminate/Foundation/Application.php(604): Illuminate\\Foundation\\ProviderRepository->load(Array)
#8 /Users/oliverbohm/project/timetape/vendor/laravel/framework/src/Illuminate/Foundation/Bootstrap/RegisterProviders.php(17): Illuminate\\Foundation\\Application->registerConfiguredProviders()
#9 /Users/oliverbohm/project/timetape/vendor/laravel/framework/src/Illuminate/Foundation/Application.php(230): Illuminate\\Foundation\\Bootstrap\\RegisterProviders->bootstrap(Object(Illuminate\\Foundation\\Application))
#10 /Users/oliverbohm/project/timetape/vendor/laravel/framework/src/Illuminate/Foundation/Console/Kernel.php(310): Illuminate\\Foundation\\Application->bootstrapWith(Array)
#11 /Users/oliverbohm/project/timetape/vendor/laravel/framework/src/Illuminate/Foundation/Console/Kernel.php(127): Illuminate\\Foundation\\Console\\Kernel->bootstrap()
#12 /Users/oliverbohm/project/timetape/artisan(37): Illuminate\\Foundation\\Console\\Kernel->handle(Object(Symfony\\Component\\Console\\Input\\ArgvInput), Object(Symfony\\Component\\Console\\Output\\ConsoleOutput))
#13 {main}
"} 
[2020-10-28 11:00:47] local.ERROR: include(/Users/oliverbohm/project/timetape/vendor/composer/../../app/Providers/RouteServiceProvider.php): failed to open stream: No such file or directory {"exception":"[object] (ErrorException(code: 0): include(/Users/oliverbohm/project/timetape/vendor/composer/../../app/Providers/RouteServiceProvider.php): failed to open stream: No such file or directory at /Users/oliverbohm/project/timetape/vendor/composer/ClassLoader.php:444)
[stacktrace]
#0 /Users/oliverbohm/project/timetape/vendor/composer/ClassLoader.php(444): Illuminate\\Foundation\\Bootstrap\\HandleExceptions->handleError(2, 'include(/Users/...', '/Users/oliverbo...', 444, Array)
#1 /Users/oliverbohm/project/timetape/vendor/composer/ClassLoader.php(444): include()
#2 /Users/oliverbohm/project/timetape/vendor/composer/ClassLoader.php(322): Composer\\Autoload\\includeFile('/Users/oliverbo...')
#3 [internal function]: Composer\\Autoload\\ClassLoader->loadClass('App\\\\Providers\\\\R...')
#4 /Users/oliverbohm/project/timetape/vendor/laravel/framework/src/Illuminate/Foundation/Application.php(690): spl_autoload_call('App\\\\Providers\\\\R...')
#5 /Users/oliverbohm/project/timetape/vendor/laravel/framework/src/Illuminate/Foundation/Application.php(624): Illuminate\\Foundation\\Application->resolveProvider('App\\\\Providers\\\\R...')
#6 /Users/oliverbohm/project/timetape/vendor/laravel/framework/src/Illuminate/Foundation/ProviderRepository.php(75): Illuminate\\Foundation\\Application->register('App\\\\Providers\\\\R...')
#7 /Users/oliverbohm/project/timetape/vendor/laravel/framework/src/Illuminate/Foundation/Application.php(604): Illuminate\\Foundation\\ProviderRepository->load(Array)
#8 /Users/oliverbohm/project/timetape/vendor/laravel/framework/src/Illuminate/Foundation/Bootstrap/RegisterProviders.php(17): Illuminate\\Foundation\\Application->registerConfiguredProviders()
#9 /Users/oliverbohm/project/timetape/vendor/laravel/framework/src/Illuminate/Foundation/Application.php(230): Illuminate\\Foundation\\Bootstrap\\RegisterProviders->bootstrap(Object(Illuminate\\Foundation\\Application))
#10 /Users/oliverbohm/project/timetape/vendor/laravel/framework/src/Illuminate/Foundation/Console/Kernel.php(310): Illuminate\\Foundation\\Application->bootstrapWith(Array)
#11 /Users/oliverbohm/project/timetape/vendor/laravel/framework/src/Illuminate/Foundation/Console/Kernel.php(127): Illuminate\\Foundation\\Console\\Kernel->bootstrap()
#12 /Users/oliverbohm/project/timetape/artisan(37): Illuminate\\Foundation\\Console\\Kernel->handle(Object(Symfony\\Component\\Console\\Input\\ArgvInput), Object(Symfony\\Component\\Console\\Output\\ConsoleOutput))
#13 {main}
"} 
[2020-10-30 17:34:50] local.ERROR: explode(): Empty delimiter {"exception":"[object] (ErrorException(code: 0): explode(): Empty delimiter at /Users/oliverbohm/project/timetape/app/Console/Commands/Info.php:61)
[stacktrace]
#0 [internal function]: Illuminate\\Foundation\\Bootstrap\\HandleExceptions->handleError(2, 'explode(): Empt...', '/Users/oliverbo...', 61, Array)
#1 /Users/oliverbohm/project/timetape/app/Console/Commands/Info.php(61): explode('', 'aabbccc')
#2 /Users/oliverbohm/project/timetape/app/Console/Commands/Info.php(71): App\\Console\\Commands\\Info->compressed('aabbccc')
#3 [internal function]: App\\Console\\Commands\\Info->handle(Object(App\\Service\\CalendarParser))
#4 /Users/oliverbohm/project/timetape/vendor/laravel/framework/src/Illuminate/Container/BoundMethod.php(37): call_user_func_array(Array, Array)
#5 /Users/oliverbohm/project/timetape/vendor/laravel/framework/src/Illuminate/Container/Util.php(37): Illuminate\\Container\\BoundMethod::Illuminate\\Container\\{closure}()
#6 /Users/oliverbohm/project/timetape/vendor/laravel/framework/src/Illuminate/Container/BoundMethod.php(95): Illuminate\\Container\\Util::unwrapIfClosure(Object(Closure))
#7 /Users/oliverbohm/project/timetape/vendor/laravel/framework/src/Illuminate/Container/BoundMethod.php(39): Illuminate\\Container\\BoundMethod::callBoundMethod(Object(Illuminate\\Foundation\\Application), Array, Object(Closure))
#8 /Users/oliverbohm/project/timetape/vendor/laravel/framework/src/Illuminate/Container/Container.php(592): Illuminate\\Container\\BoundMethod::call(Object(Illuminate\\Foundation\\Application), Array, Array, NULL)
#9 /Users/oliverbohm/project/timetape/vendor/laravel/framework/src/Illuminate/Console/Command.php(134): Illuminate\\Container\\Container->call(Array)
#10 /Users/oliverbohm/project/timetape/vendor/symfony/console/Command/Command.php(258): Illuminate\\Console\\Command->execute(Object(Symfony\\Component\\Console\\Input\\ArgvInput), Object(Illuminate\\Console\\OutputStyle))
#11 /Users/oliverbohm/project/timetape/vendor/laravel/framework/src/Illuminate/Console/Command.php(121): Symfony\\Component\\Console\\Command\\Command->run(Object(Symfony\\Component\\Console\\Input\\ArgvInput), Object(Illuminate\\Console\\OutputStyle))
#12 /Users/oliverbohm/project/timetape/vendor/symfony/console/Application.php(911): Illuminate\\Console\\Command->run(Object(Symfony\\Component\\Console\\Input\\ArgvInput), Object(Symfony\\Component\\Console\\Output\\ConsoleOutput))
#13 /Users/oliverbohm/project/timetape/vendor/symfony/console/Application.php(264): Symfony\\Component\\Console\\Application->doRunCommand(Object(App\\Console\\Commands\\Info), Object(Symfony\\Component\\Console\\Input\\ArgvInput), Object(Symfony\\Component\\Console\\Output\\ConsoleOutput))
#14 /Users/oliverbohm/project/timetape/vendor/symfony/console/Application.php(140): Symfony\\Component\\Console\\Application->doRun(Object(Symfony\\Component\\Console\\Input\\ArgvInput), Object(Symfony\\Component\\Console\\Output\\ConsoleOutput))
#15 /Users/oliverbohm/project/timetape/vendor/laravel/framework/src/Illuminate/Console/Application.php(93): Symfony\\Component\\Console\\Application->run(Object(Symfony\\Component\\Console\\Input\\ArgvInput), Object(Symfony\\Component\\Console\\Output\\ConsoleOutput))
#16 /Users/oliverbohm/project/timetape/vendor/laravel/framework/src/Illuminate/Foundation/Console/Kernel.php(129): Illuminate\\Console\\Application->run(Object(Symfony\\Component\\Console\\Input\\ArgvInput), Object(Symfony\\Component\\Console\\Output\\ConsoleOutput))
#17 /Users/oliverbohm/project/timetape/artisan(37): Illuminate\\Foundation\\Console\\Kernel->handle(Object(Symfony\\Component\\Console\\Input\\ArgvInput), Object(Symfony\\Component\\Console\\Output\\ConsoleOutput))
#18 {main}
"} 
[2020-10-30 17:40:39] local.ERROR: Undefined offset: 7 {"exception":"[object] (ErrorException(code: 0): Undefined offset: 7 at /Users/oliverbohm/project/timetape/app/Console/Commands/Info.php:67)
[stacktrace]
#0 /Users/oliverbohm/project/timetape/app/Console/Commands/Info.php(67): Illuminate\\Foundation\\Bootstrap\\HandleExceptions->handleError(8, 'Undefined offse...', '/Users/oliverbo...', 67, Array)
#1 /Users/oliverbohm/project/timetape/app/Console/Commands/Info.php(78): App\\Console\\Commands\\Info->compressed('aabbccc')
#2 [internal function]: App\\Console\\Commands\\Info->handle(Object(App\\Service\\CalendarParser))
#3 /Users/oliverbohm/project/timetape/vendor/laravel/framework/src/Illuminate/Container/BoundMethod.php(37): call_user_func_array(Array, Array)
#4 /Users/oliverbohm/project/timetape/vendor/laravel/framework/src/Illuminate/Container/Util.php(37): Illuminate\\Container\\BoundMethod::Illuminate\\Container\\{closure}()
#5 /Users/oliverbohm/project/timetape/vendor/laravel/framework/src/Illuminate/Container/BoundMethod.php(95): Illuminate\\Container\\Util::unwrapIfClosure(Object(Closure))
#6 /Users/oliverbohm/project/timetape/vendor/laravel/framework/src/Illuminate/Container/BoundMethod.php(39): Illuminate\\Container\\BoundMethod::callBoundMethod(Object(Illuminate\\Foundation\\Application), Array, Object(Closure))
#7 /Users/oliverbohm/project/timetape/vendor/laravel/framework/src/Illuminate/Container/Container.php(592): Illuminate\\Container\\BoundMethod::call(Object(Illuminate\\Foundation\\Application), Array, Array, NULL)
#8 /Users/oliverbohm/project/timetape/vendor/laravel/framework/src/Illuminate/Console/Command.php(134): Illuminate\\Container\\Container->call(Array)
#9 /Users/oliverbohm/project/timetape/vendor/symfony/console/Command/Command.php(258): Illuminate\\Console\\Command->execute(Object(Symfony\\Component\\Console\\Input\\ArgvInput), Object(Illuminate\\Console\\OutputStyle))
#10 /Users/oliverbohm/project/timetape/vendor/laravel/framework/src/Illuminate/Console/Command.php(121): Symfony\\Component\\Console\\Command\\Command->run(Object(Symfony\\Component\\Console\\Input\\ArgvInput), Object(Illuminate\\Console\\OutputStyle))
#11 /Users/oliverbohm/project/timetape/vendor/symfony/console/Application.php(911): Illuminate\\Console\\Command->run(Object(Symfony\\Component\\Console\\Input\\ArgvInput), Object(Symfony\\Component\\Console\\Output\\ConsoleOutput))
#12 /Users/oliverbohm/project/timetape/vendor/symfony/console/Application.php(264): Symfony\\Component\\Console\\Application->doRunCommand(Object(App\\Console\\Commands\\Info), Object(Symfony\\Component\\Console\\Input\\ArgvInput), Object(Symfony\\Component\\Console\\Output\\ConsoleOutput))
#13 /Users/oliverbohm/project/timetape/vendor/symfony/console/Application.php(140): Symfony\\Component\\Console\\Application->doRun(Object(Symfony\\Component\\Console\\Input\\ArgvInput), Object(Symfony\\Component\\Console\\Output\\ConsoleOutput))
#14 /Users/oliverbohm/project/timetape/vendor/laravel/framework/src/Illuminate/Console/Application.php(93): Symfony\\Component\\Console\\Application->run(Object(Symfony\\Component\\Console\\Input\\ArgvInput), Object(Symfony\\Component\\Console\\Output\\ConsoleOutput))
#15 /Users/oliverbohm/project/timetape/vendor/laravel/framework/src/Illuminate/Foundation/Console/Kernel.php(129): Illuminate\\Console\\Application->run(Object(Symfony\\Component\\Console\\Input\\ArgvInput), Object(Symfony\\Component\\Console\\Output\\ConsoleOutput))
#16 /Users/oliverbohm/project/timetape/artisan(37): Illuminate\\Foundation\\Console\\Kernel->handle(Object(Symfony\\Component\\Console\\Input\\ArgvInput), Object(Symfony\\Component\\Console\\Output\\ConsoleOutput))
#17 {main}
"} 
[2020-11-24 13:30:07] local.ERROR: Call to undefined method App\Service\IcsDataService::icsData() {"exception":"[object] (Error(code: 0): Call to undefined method App\\Service\\IcsDataService::icsData() at /Users/oliverbohm/project/timetape/app/Console/Commands/Monday.php:37)
[stacktrace]
#0 /Users/oliverbohm/project/timetape/app/Console/Commands/Monday.php(50): App\\Console\\Commands\\Monday->parsing('https://api.tim...')
#1 [internal function]: App\\Console\\Commands\\Monday->handle()
#2 /Users/oliverbohm/project/timetape/vendor/laravel/framework/src/Illuminate/Container/BoundMethod.php(37): call_user_func_array(Array, Array)
#3 /Users/oliverbohm/project/timetape/vendor/laravel/framework/src/Illuminate/Container/Util.php(37): Illuminate\\Container\\BoundMethod::Illuminate\\Container\\{closure}()
#4 /Users/oliverbohm/project/timetape/vendor/laravel/framework/src/Illuminate/Container/BoundMethod.php(95): Illuminate\\Container\\Util::unwrapIfClosure(Object(Closure))
#5 /Users/oliverbohm/project/timetape/vendor/laravel/framework/src/Illuminate/Container/BoundMethod.php(39): Illuminate\\Container\\BoundMethod::callBoundMethod(Object(Illuminate\\Foundation\\Application), Array, Object(Closure))
#6 /Users/oliverbohm/project/timetape/vendor/laravel/framework/src/Illuminate/Container/Container.php(592): Illuminate\\Container\\BoundMethod::call(Object(Illuminate\\Foundation\\Application), Array, Array, NULL)
#7 /Users/oliverbohm/project/timetape/vendor/laravel/framework/src/Illuminate/Console/Command.php(134): Illuminate\\Container\\Container->call(Array)
#8 /Users/oliverbohm/project/timetape/vendor/symfony/console/Command/Command.php(258): Illuminate\\Console\\Command->execute(Object(Symfony\\Component\\Console\\Input\\ArgvInput), Object(Illuminate\\Console\\OutputStyle))
#9 /Users/oliverbohm/project/timetape/vendor/laravel/framework/src/Illuminate/Console/Command.php(121): Symfony\\Component\\Console\\Command\\Command->run(Object(Symfony\\Component\\Console\\Input\\ArgvInput), Object(Illuminate\\Console\\OutputStyle))
#10 /Users/oliverbohm/project/timetape/vendor/symfony/console/Application.php(911): Illuminate\\Console\\Command->run(Object(Symfony\\Component\\Console\\Input\\ArgvInput), Object(Symfony\\Component\\Console\\Output\\ConsoleOutput))
#11 /Users/oliverbohm/project/timetape/vendor/symfony/console/Application.php(264): Symfony\\Component\\Console\\Application->doRunCommand(Object(App\\Console\\Commands\\Monday), Object(Symfony\\Component\\Console\\Input\\ArgvInput), Object(Symfony\\Component\\Console\\Output\\ConsoleOutput))
#12 /Users/oliverbohm/project/timetape/vendor/symfony/console/Application.php(140): Symfony\\Component\\Console\\Application->doRun(Object(Symfony\\Component\\Console\\Input\\ArgvInput), Object(Symfony\\Component\\Console\\Output\\ConsoleOutput))
#13 /Users/oliverbohm/project/timetape/vendor/laravel/framework/src/Illuminate/Console/Application.php(93): Symfony\\Component\\Console\\Application->run(Object(Symfony\\Component\\Console\\Input\\ArgvInput), Object(Symfony\\Component\\Console\\Output\\ConsoleOutput))
#14 /Users/oliverbohm/project/timetape/vendor/laravel/framework/src/Illuminate/Foundation/Console/Kernel.php(129): Illuminate\\Console\\Application->run(Object(Symfony\\Component\\Console\\Input\\ArgvInput), Object(Symfony\\Component\\Console\\Output\\ConsoleOutput))
#15 /Users/oliverbohm/project/timetape/artisan(37): Illuminate\\Foundation\\Console\\Kernel->handle(Object(Symfony\\Component\\Console\\Input\\ArgvInput), Object(Symfony\\Component\\Console\\Output\\ConsoleOutput))
#16 {main}
"} 
[2020-11-24 13:38:06] local.ERROR: Expected null, string, DateTime or DateTimeInterface, integer given {"exception":"[object] (Carbon\\Exceptions\\InvalidTypeException(code: 0): Expected null, string, DateTime or DateTimeInterface, integer given at /Users/oliverbohm/project/timetape/vendor/nesbot/carbon/src/Carbon/Traits/Date.php:710)
[stacktrace]
#0 /Users/oliverbohm/project/timetape/vendor/nesbot/carbon/src/Carbon/Traits/Date.php(735): Carbon\\Carbon::expectDateTime(1, Array)
#1 /Users/oliverbohm/project/timetape/vendor/nesbot/carbon/src/Carbon/Traits/Comparison.php(339): Carbon\\Carbon->resolveCarbon(1)
#2 /Users/oliverbohm/project/timetape/app/Service/IcsDataService.php(24): Carbon\\Carbon->between(1, 3)
#3 [internal function]: App\\Service\\IcsDataService->App\\Service\\{closure}(Array)
#4 /Users/oliverbohm/project/timetape/app/Service/IcsDataService.php(25): array_filter(Array, Object(Closure))
#5 /Users/oliverbohm/project/timetape/app/Console/Commands/Monday.php(44): App\\Service\\IcsDataService->absentInDayRange(Array, 1, 3)
#6 [internal function]: App\\Console\\Commands\\Monday->handle(Object(App\\Service\\CalendarParser))
#7 /Users/oliverbohm/project/timetape/vendor/laravel/framework/src/Illuminate/Container/BoundMethod.php(37): call_user_func_array(Array, Array)
#8 /Users/oliverbohm/project/timetape/vendor/laravel/framework/src/Illuminate/Container/Util.php(37): Illuminate\\Container\\BoundMethod::Illuminate\\Container\\{closure}()
#9 /Users/oliverbohm/project/timetape/vendor/laravel/framework/src/Illuminate/Container/BoundMethod.php(95): Illuminate\\Container\\Util::unwrapIfClosure(Object(Closure))
#10 /Users/oliverbohm/project/timetape/vendor/laravel/framework/src/Illuminate/Container/BoundMethod.php(39): Illuminate\\Container\\BoundMethod::callBoundMethod(Object(Illuminate\\Foundation\\Application), Array, Object(Closure))
#11 /Users/oliverbohm/project/timetape/vendor/laravel/framework/src/Illuminate/Container/Container.php(592): Illuminate\\Container\\BoundMethod::call(Object(Illuminate\\Foundation\\Application), Array, Array, NULL)
#12 /Users/oliverbohm/project/timetape/vendor/laravel/framework/src/Illuminate/Console/Command.php(134): Illuminate\\Container\\Container->call(Array)
#13 /Users/oliverbohm/project/timetape/vendor/symfony/console/Command/Command.php(258): Illuminate\\Console\\Command->execute(Object(Symfony\\Component\\Console\\Input\\ArgvInput), Object(Illuminate\\Console\\OutputStyle))
#14 /Users/oliverbohm/project/timetape/vendor/laravel/framework/src/Illuminate/Console/Command.php(121): Symfony\\Component\\Console\\Command\\Command->run(Object(Symfony\\Component\\Console\\Input\\ArgvInput), Object(Illuminate\\Console\\OutputStyle))
#15 /Users/oliverbohm/project/timetape/vendor/symfony/console/Application.php(911): Illuminate\\Console\\Command->run(Object(Symfony\\Component\\Console\\Input\\ArgvInput), Object(Symfony\\Component\\Console\\Output\\ConsoleOutput))
#16 /Users/oliverbohm/project/timetape/vendor/symfony/console/Application.php(264): Symfony\\Component\\Console\\Application->doRunCommand(Object(App\\Console\\Commands\\Monday), Object(Symfony\\Component\\Console\\Input\\ArgvInput), Object(Symfony\\Component\\Console\\Output\\ConsoleOutput))
#17 /Users/oliverbohm/project/timetape/vendor/symfony/console/Application.php(140): Symfony\\Component\\Console\\Application->doRun(Object(Symfony\\Component\\Console\\Input\\ArgvInput), Object(Symfony\\Component\\Console\\Output\\ConsoleOutput))
#18 /Users/oliverbohm/project/timetape/vendor/laravel/framework/src/Illuminate/Console/Application.php(93): Symfony\\Component\\Console\\Application->run(Object(Symfony\\Component\\Console\\Input\\ArgvInput), Object(Symfony\\Component\\Console\\Output\\ConsoleOutput))
#19 /Users/oliverbohm/project/timetape/vendor/laravel/framework/src/Illuminate/Foundation/Console/Kernel.php(129): Illuminate\\Console\\Application->run(Object(Symfony\\Component\\Console\\Input\\ArgvInput), Object(Symfony\\Component\\Console\\Output\\ConsoleOutput))
#20 /Users/oliverbohm/project/timetape/artisan(37): Illuminate\\Foundation\\Console\\Kernel->handle(Object(Symfony\\Component\\Console\\Input\\ArgvInput), Object(Symfony\\Component\\Console\\Output\\ConsoleOutput))
#21 {main}
"} 
[2020-11-24 13:39:17] local.ERROR: Expected null, string, DateTime or DateTimeInterface, integer given {"exception":"[object] (Carbon\\Exceptions\\InvalidTypeException(code: 0): Expected null, string, DateTime or DateTimeInterface, integer given at /Users/oliverbohm/project/timetape/vendor/nesbot/carbon/src/Carbon/Traits/Date.php:710)
[stacktrace]
#0 /Users/oliverbohm/project/timetape/vendor/nesbot/carbon/src/Carbon/Traits/Date.php(735): Carbon\\Carbon::expectDateTime(1, Array)
#1 /Users/oliverbohm/project/timetape/vendor/nesbot/carbon/src/Carbon/Traits/Comparison.php(339): Carbon\\Carbon->resolveCarbon(1)
#2 /Users/oliverbohm/project/timetape/app/Service/IcsDataService.php(24): Carbon\\Carbon->between(1, 3)
#3 [internal function]: App\\Service\\IcsDataService->App\\Service\\{closure}(Array)
#4 /Users/oliverbohm/project/timetape/app/Service/IcsDataService.php(25): array_filter(Array, Object(Closure))
#5 /Users/oliverbohm/project/timetape/app/Console/Commands/Monday.php(44): App\\Service\\IcsDataService->absentInDayRange(Array, 1, 3)
#6 [internal function]: App\\Console\\Commands\\Monday->handle(Object(App\\Service\\CalendarParser))
#7 /Users/oliverbohm/project/timetape/vendor/laravel/framework/src/Illuminate/Container/BoundMethod.php(37): call_user_func_array(Array, Array)
#8 /Users/oliverbohm/project/timetape/vendor/laravel/framework/src/Illuminate/Container/Util.php(37): Illuminate\\Container\\BoundMethod::Illuminate\\Container\\{closure}()
#9 /Users/oliverbohm/project/timetape/vendor/laravel/framework/src/Illuminate/Container/BoundMethod.php(95): Illuminate\\Container\\Util::unwrapIfClosure(Object(Closure))
#10 /Users/oliverbohm/project/timetape/vendor/laravel/framework/src/Illuminate/Container/BoundMethod.php(39): Illuminate\\Container\\BoundMethod::callBoundMethod(Object(Illuminate\\Foundation\\Application), Array, Object(Closure))
#11 /Users/oliverbohm/project/timetape/vendor/laravel/framework/src/Illuminate/Container/Container.php(592): Illuminate\\Container\\BoundMethod::call(Object(Illuminate\\Foundation\\Application), Array, Array, NULL)
#12 /Users/oliverbohm/project/timetape/vendor/laravel/framework/src/Illuminate/Console/Command.php(134): Illuminate\\Container\\Container->call(Array)
#13 /Users/oliverbohm/project/timetape/vendor/symfony/console/Command/Command.php(258): Illuminate\\Console\\Command->execute(Object(Symfony\\Component\\Console\\Input\\ArgvInput), Object(Illuminate\\Console\\OutputStyle))
#14 /Users/oliverbohm/project/timetape/vendor/laravel/framework/src/Illuminate/Console/Command.php(121): Symfony\\Component\\Console\\Command\\Command->run(Object(Symfony\\Component\\Console\\Input\\ArgvInput), Object(Illuminate\\Console\\OutputStyle))
#15 /Users/oliverbohm/project/timetape/vendor/symfony/console/Application.php(911): Illuminate\\Console\\Command->run(Object(Symfony\\Component\\Console\\Input\\ArgvInput), Object(Symfony\\Component\\Console\\Output\\ConsoleOutput))
#16 /Users/oliverbohm/project/timetape/vendor/symfony/console/Application.php(264): Symfony\\Component\\Console\\Application->doRunCommand(Object(App\\Console\\Commands\\Monday), Object(Symfony\\Component\\Console\\Input\\ArgvInput), Object(Symfony\\Component\\Console\\Output\\ConsoleOutput))
#17 /Users/oliverbohm/project/timetape/vendor/symfony/console/Application.php(140): Symfony\\Component\\Console\\Application->doRun(Object(Symfony\\Component\\Console\\Input\\ArgvInput), Object(Symfony\\Component\\Console\\Output\\ConsoleOutput))
#18 /Users/oliverbohm/project/timetape/vendor/laravel/framework/src/Illuminate/Console/Application.php(93): Symfony\\Component\\Console\\Application->run(Object(Symfony\\Component\\Console\\Input\\ArgvInput), Object(Symfony\\Component\\Console\\Output\\ConsoleOutput))
#19 /Users/oliverbohm/project/timetape/vendor/laravel/framework/src/Illuminate/Foundation/Console/Kernel.php(129): Illuminate\\Console\\Application->run(Object(Symfony\\Component\\Console\\Input\\ArgvInput), Object(Symfony\\Component\\Console\\Output\\ConsoleOutput))
#20 /Users/oliverbohm/project/timetape/artisan(37): Illuminate\\Foundation\\Console\\Kernel->handle(Object(Symfony\\Component\\Console\\Input\\ArgvInput), Object(Symfony\\Component\\Console\\Output\\ConsoleOutput))
#21 {main}
"} 
[2020-11-24 13:39:45] local.ERROR: syntax error, unexpected '$this' (T_VARIABLE) {"exception":"[object] (ParseError(code: 0): syntax error, unexpected '$this' (T_VARIABLE) at /Users/oliverbohm/project/timetape/app/Console/Commands/Monday.php:45)
[stacktrace]
#0 /Users/oliverbohm/project/timetape/vendor/composer/ClassLoader.php(322): Composer\\Autoload\\includeFile('/Users/oliverbo...')
#1 [internal function]: Composer\\Autoload\\ClassLoader->loadClass('App\\\\Console\\\\Com...')
#2 [internal function]: spl_autoload_call('App\\\\Console\\\\Com...')
#3 /Users/oliverbohm/project/timetape/vendor/laravel/framework/src/Illuminate/Foundation/Console/Kernel.php(229): is_subclass_of('App\\\\Console\\\\Com...', 'Illuminate\\\\Cons...')
#4 /Users/oliverbohm/project/timetape/app/Console/Kernel.php(45): Illuminate\\Foundation\\Console\\Kernel->load(Array)
#5 /Users/oliverbohm/project/timetape/vendor/laravel/framework/src/Illuminate/Foundation/Console/Kernel.php(316): App\\Console\\Kernel->commands()
#6 /Users/oliverbohm/project/timetape/vendor/laravel/framework/src/Illuminate/Foundation/Console/Kernel.php(127): Illuminate\\Foundation\\Console\\Kernel->bootstrap()
#7 /Users/oliverbohm/project/timetape/artisan(37): Illuminate\\Foundation\\Console\\Kernel->handle(Object(Symfony\\Component\\Console\\Input\\ArgvInput), Object(Symfony\\Component\\Console\\Output\\ConsoleOutput))
#8 {main}
"} 
[2020-11-24 13:39:51] local.ERROR: Expected null, string, DateTime or DateTimeInterface, integer given {"exception":"[object] (Carbon\\Exceptions\\InvalidTypeException(code: 0): Expected null, string, DateTime or DateTimeInterface, integer given at /Users/oliverbohm/project/timetape/vendor/nesbot/carbon/src/Carbon/Traits/Date.php:710)
[stacktrace]
#0 /Users/oliverbohm/project/timetape/vendor/nesbot/carbon/src/Carbon/Traits/Date.php(735): Carbon\\Carbon::expectDateTime(1, Array)
#1 /Users/oliverbohm/project/timetape/vendor/nesbot/carbon/src/Carbon/Traits/Comparison.php(339): Carbon\\Carbon->resolveCarbon(1)
#2 /Users/oliverbohm/project/timetape/app/Service/IcsDataService.php(24): Carbon\\Carbon->between(1, 3)
#3 [internal function]: App\\Service\\IcsDataService->App\\Service\\{closure}(Array)
#4 /Users/oliverbohm/project/timetape/app/Service/IcsDataService.php(25): array_filter(Array, Object(Closure))
#5 /Users/oliverbohm/project/timetape/app/Console/Commands/Monday.php(44): App\\Service\\IcsDataService->absentInDayRange(Array, 1, 3)
#6 [internal function]: App\\Console\\Commands\\Monday->handle(Object(App\\Service\\CalendarParser))
#7 /Users/oliverbohm/project/timetape/vendor/laravel/framework/src/Illuminate/Container/BoundMethod.php(37): call_user_func_array(Array, Array)
#8 /Users/oliverbohm/project/timetape/vendor/laravel/framework/src/Illuminate/Container/Util.php(37): Illuminate\\Container\\BoundMethod::Illuminate\\Container\\{closure}()
#9 /Users/oliverbohm/project/timetape/vendor/laravel/framework/src/Illuminate/Container/BoundMethod.php(95): Illuminate\\Container\\Util::unwrapIfClosure(Object(Closure))
#10 /Users/oliverbohm/project/timetape/vendor/laravel/framework/src/Illuminate/Container/BoundMethod.php(39): Illuminate\\Container\\BoundMethod::callBoundMethod(Object(Illuminate\\Foundation\\Application), Array, Object(Closure))
#11 /Users/oliverbohm/project/timetape/vendor/laravel/framework/src/Illuminate/Container/Container.php(592): Illuminate\\Container\\BoundMethod::call(Object(Illuminate\\Foundation\\Application), Array, Array, NULL)
#12 /Users/oliverbohm/project/timetape/vendor/laravel/framework/src/Illuminate/Console/Command.php(134): Illuminate\\Container\\Container->call(Array)
#13 /Users/oliverbohm/project/timetape/vendor/symfony/console/Command/Command.php(258): Illuminate\\Console\\Command->execute(Object(Symfony\\Component\\Console\\Input\\ArgvInput), Object(Illuminate\\Console\\OutputStyle))
#14 /Users/oliverbohm/project/timetape/vendor/laravel/framework/src/Illuminate/Console/Command.php(121): Symfony\\Component\\Console\\Command\\Command->run(Object(Symfony\\Component\\Console\\Input\\ArgvInput), Object(Illuminate\\Console\\OutputStyle))
#15 /Users/oliverbohm/project/timetape/vendor/symfony/console/Application.php(911): Illuminate\\Console\\Command->run(Object(Symfony\\Component\\Console\\Input\\ArgvInput), Object(Symfony\\Component\\Console\\Output\\ConsoleOutput))
#16 /Users/oliverbohm/project/timetape/vendor/symfony/console/Application.php(264): Symfony\\Component\\Console\\Application->doRunCommand(Object(App\\Console\\Commands\\Monday), Object(Symfony\\Component\\Console\\Input\\ArgvInput), Object(Symfony\\Component\\Console\\Output\\ConsoleOutput))
#17 /Users/oliverbohm/project/timetape/vendor/symfony/console/Application.php(140): Symfony\\Component\\Console\\Application->doRun(Object(Symfony\\Component\\Console\\Input\\ArgvInput), Object(Symfony\\Component\\Console\\Output\\ConsoleOutput))
#18 /Users/oliverbohm/project/timetape/vendor/laravel/framework/src/Illuminate/Console/Application.php(93): Symfony\\Component\\Console\\Application->run(Object(Symfony\\Component\\Console\\Input\\ArgvInput), Object(Symfony\\Component\\Console\\Output\\ConsoleOutput))
#19 /Users/oliverbohm/project/timetape/vendor/laravel/framework/src/Illuminate/Foundation/Console/Kernel.php(129): Illuminate\\Console\\Application->run(Object(Symfony\\Component\\Console\\Input\\ArgvInput), Object(Symfony\\Component\\Console\\Output\\ConsoleOutput))
#20 /Users/oliverbohm/project/timetape/artisan(37): Illuminate\\Foundation\\Console\\Kernel->handle(Object(Symfony\\Component\\Console\\Input\\ArgvInput), Object(Symfony\\Component\\Console\\Output\\ConsoleOutput))
#21 {main}
"} 
[2020-11-24 13:44:22] local.ERROR: Call to a member function setAbsentNextWeek() on null {"exception":"[object] (Error(code: 0): Call to a member function setAbsentNextWeek() on null at /Users/oliverbohm/project/timetape/app/Console/Commands/Info.php:35)
[stacktrace]
#0 /Users/oliverbohm/project/timetape/app/Console/Commands/Info.php(47): App\\Console\\Commands\\Info->message(Array)
#1 [internal function]: App\\Console\\Commands\\Info->handle(Object(App\\Service\\CalendarParser))
#2 /Users/oliverbohm/project/timetape/vendor/laravel/framework/src/Illuminate/Container/BoundMethod.php(37): call_user_func_array(Array, Array)
#3 /Users/oliverbohm/project/timetape/vendor/laravel/framework/src/Illuminate/Container/Util.php(37): Illuminate\\Container\\BoundMethod::Illuminate\\Container\\{closure}()
#4 /Users/oliverbohm/project/timetape/vendor/laravel/framework/src/Illuminate/Container/BoundMethod.php(95): Illuminate\\Container\\Util::unwrapIfClosure(Object(Closure))
#5 /Users/oliverbohm/project/timetape/vendor/laravel/framework/src/Illuminate/Container/BoundMethod.php(39): Illuminate\\Container\\BoundMethod::callBoundMethod(Object(Illuminate\\Foundation\\Application), Array, Object(Closure))
#6 /Users/oliverbohm/project/timetape/vendor/laravel/framework/src/Illuminate/Container/Container.php(592): Illuminate\\Container\\BoundMethod::call(Object(Illuminate\\Foundation\\Application), Array, Array, NULL)
#7 /Users/oliverbohm/project/timetape/vendor/laravel/framework/src/Illuminate/Console/Command.php(134): Illuminate\\Container\\Container->call(Array)
#8 /Users/oliverbohm/project/timetape/vendor/symfony/console/Command/Command.php(258): Illuminate\\Console\\Command->execute(Object(Symfony\\Component\\Console\\Input\\ArgvInput), Object(Illuminate\\Console\\OutputStyle))
#9 /Users/oliverbohm/project/timetape/vendor/laravel/framework/src/Illuminate/Console/Command.php(121): Symfony\\Component\\Console\\Command\\Command->run(Object(Symfony\\Component\\Console\\Input\\ArgvInput), Object(Illuminate\\Console\\OutputStyle))
#10 /Users/oliverbohm/project/timetape/vendor/symfony/console/Application.php(911): Illuminate\\Console\\Command->run(Object(Symfony\\Component\\Console\\Input\\ArgvInput), Object(Symfony\\Component\\Console\\Output\\ConsoleOutput))
#11 /Users/oliverbohm/project/timetape/vendor/symfony/console/Application.php(264): Symfony\\Component\\Console\\Application->doRunCommand(Object(App\\Console\\Commands\\Info), Object(Symfony\\Component\\Console\\Input\\ArgvInput), Object(Symfony\\Component\\Console\\Output\\ConsoleOutput))
#12 /Users/oliverbohm/project/timetape/vendor/symfony/console/Application.php(140): Symfony\\Component\\Console\\Application->doRun(Object(Symfony\\Component\\Console\\Input\\ArgvInput), Object(Symfony\\Component\\Console\\Output\\ConsoleOutput))
#13 /Users/oliverbohm/project/timetape/vendor/laravel/framework/src/Illuminate/Console/Application.php(93): Symfony\\Component\\Console\\Application->run(Object(Symfony\\Component\\Console\\Input\\ArgvInput), Object(Symfony\\Component\\Console\\Output\\ConsoleOutput))
#14 /Users/oliverbohm/project/timetape/vendor/laravel/framework/src/Illuminate/Foundation/Console/Kernel.php(129): Illuminate\\Console\\Application->run(Object(Symfony\\Component\\Console\\Input\\ArgvInput), Object(Symfony\\Component\\Console\\Output\\ConsoleOutput))
#15 /Users/oliverbohm/project/timetape/artisan(37): Illuminate\\Foundation\\Console\\Kernel->handle(Object(Symfony\\Component\\Console\\Input\\ArgvInput), Object(Symfony\\Component\\Console\\Output\\ConsoleOutput))
#16 {main}
"} 
[2020-11-24 13:45:33] local.ERROR: Call to a member function currentlyAbsent() on null {"exception":"[object] (Error(code: 0): Call to a member function currentlyAbsent() on null at /Users/oliverbohm/project/timetape/app/Console/Commands/Info.php:36)
[stacktrace]
#0 /Users/oliverbohm/project/timetape/app/Console/Commands/Info.php(50): App\\Console\\Commands\\Info->message(Array)
#1 [internal function]: App\\Console\\Commands\\Info->handle(Object(App\\Service\\CalendarParser))
#2 /Users/oliverbohm/project/timetape/vendor/laravel/framework/src/Illuminate/Container/BoundMethod.php(37): call_user_func_array(Array, Array)
#3 /Users/oliverbohm/project/timetape/vendor/laravel/framework/src/Illuminate/Container/Util.php(37): Illuminate\\Container\\BoundMethod::Illuminate\\Container\\{closure}()
#4 /Users/oliverbohm/project/timetape/vendor/laravel/framework/src/Illuminate/Container/BoundMethod.php(95): Illuminate\\Container\\Util::unwrapIfClosure(Object(Closure))
#5 /Users/oliverbohm/project/timetape/vendor/laravel/framework/src/Illuminate/Container/BoundMethod.php(39): Illuminate\\Container\\BoundMethod::callBoundMethod(Object(Illuminate\\Foundation\\Application), Array, Object(Closure))
#6 /Users/oliverbohm/project/timetape/vendor/laravel/framework/src/Illuminate/Container/Container.php(592): Illuminate\\Container\\BoundMethod::call(Object(Illuminate\\Foundation\\Application), Array, Array, NULL)
#7 /Users/oliverbohm/project/timetape/vendor/laravel/framework/src/Illuminate/Console/Command.php(134): Illuminate\\Container\\Container->call(Array)
#8 /Users/oliverbohm/project/timetape/vendor/symfony/console/Command/Command.php(258): Illuminate\\Console\\Command->execute(Object(Symfony\\Component\\Console\\Input\\ArgvInput), Object(Illuminate\\Console\\OutputStyle))
#9 /Users/oliverbohm/project/timetape/vendor/laravel/framework/src/Illuminate/Console/Command.php(121): Symfony\\Component\\Console\\Command\\Command->run(Object(Symfony\\Component\\Console\\Input\\ArgvInput), Object(Illuminate\\Console\\OutputStyle))
#10 /Users/oliverbohm/project/timetape/vendor/symfony/console/Application.php(911): Illuminate\\Console\\Command->run(Object(Symfony\\Component\\Console\\Input\\ArgvInput), Object(Symfony\\Component\\Console\\Output\\ConsoleOutput))
#11 /Users/oliverbohm/project/timetape/vendor/symfony/console/Application.php(264): Symfony\\Component\\Console\\Application->doRunCommand(Object(App\\Console\\Commands\\Info), Object(Symfony\\Component\\Console\\Input\\ArgvInput), Object(Symfony\\Component\\Console\\Output\\ConsoleOutput))
#12 /Users/oliverbohm/project/timetape/vendor/symfony/console/Application.php(140): Symfony\\Component\\Console\\Application->doRun(Object(Symfony\\Component\\Console\\Input\\ArgvInput), Object(Symfony\\Component\\Console\\Output\\ConsoleOutput))
#13 /Users/oliverbohm/project/timetape/vendor/laravel/framework/src/Illuminate/Console/Application.php(93): Symfony\\Component\\Console\\Application->run(Object(Symfony\\Component\\Console\\Input\\ArgvInput), Object(Symfony\\Component\\Console\\Output\\ConsoleOutput))
#14 /Users/oliverbohm/project/timetape/vendor/laravel/framework/src/Illuminate/Foundation/Console/Kernel.php(129): Illuminate\\Console\\Application->run(Object(Symfony\\Component\\Console\\Input\\ArgvInput), Object(Symfony\\Component\\Console\\Output\\ConsoleOutput))
#15 /Users/oliverbohm/project/timetape/artisan(37): Illuminate\\Foundation\\Console\\Kernel->handle(Object(Symfony\\Component\\Console\\Input\\ArgvInput), Object(Symfony\\Component\\Console\\Output\\ConsoleOutput))
#16 {main}
"} 
[2020-11-24 13:47:11] local.ERROR: Call to a member function currentlyAbsent() on null {"exception":"[object] (Error(code: 0): Call to a member function currentlyAbsent() on null at /Users/oliverbohm/project/timetape/app/Console/Commands/Info.php:36)
[stacktrace]
#0 /Users/oliverbohm/project/timetape/app/Console/Commands/Info.php(50): App\\Console\\Commands\\Info->message(Array)
#1 [internal function]: App\\Console\\Commands\\Info->handle(Object(App\\Service\\CalendarParser))
#2 /Users/oliverbohm/project/timetape/vendor/laravel/framework/src/Illuminate/Container/BoundMethod.php(37): call_user_func_array(Array, Array)
#3 /Users/oliverbohm/project/timetape/vendor/laravel/framework/src/Illuminate/Container/Util.php(37): Illuminate\\Container\\BoundMethod::Illuminate\\Container\\{closure}()
#4 /Users/oliverbohm/project/timetape/vendor/laravel/framework/src/Illuminate/Container/BoundMethod.php(95): Illuminate\\Container\\Util::unwrapIfClosure(Object(Closure))
#5 /Users/oliverbohm/project/timetape/vendor/laravel/framework/src/Illuminate/Container/BoundMethod.php(39): Illuminate\\Container\\BoundMethod::callBoundMethod(Object(Illuminate\\Foundation\\Application), Array, Object(Closure))
#6 /Users/oliverbohm/project/timetape/vendor/laravel/framework/src/Illuminate/Container/Container.php(592): Illuminate\\Container\\BoundMethod::call(Object(Illuminate\\Foundation\\Application), Array, Array, NULL)
#7 /Users/oliverbohm/project/timetape/vendor/laravel/framework/src/Illuminate/Console/Command.php(134): Illuminate\\Container\\Container->call(Array)
#8 /Users/oliverbohm/project/timetape/vendor/symfony/console/Command/Command.php(258): Illuminate\\Console\\Command->execute(Object(Symfony\\Component\\Console\\Input\\ArgvInput), Object(Illuminate\\Console\\OutputStyle))
#9 /Users/oliverbohm/project/timetape/vendor/laravel/framework/src/Illuminate/Console/Command.php(121): Symfony\\Component\\Console\\Command\\Command->run(Object(Symfony\\Component\\Console\\Input\\ArgvInput), Object(Illuminate\\Console\\OutputStyle))
#10 /Users/oliverbohm/project/timetape/vendor/symfony/console/Application.php(911): Illuminate\\Console\\Command->run(Object(Symfony\\Component\\Console\\Input\\ArgvInput), Object(Symfony\\Component\\Console\\Output\\ConsoleOutput))
#11 /Users/oliverbohm/project/timetape/vendor/symfony/console/Application.php(264): Symfony\\Component\\Console\\Application->doRunCommand(Object(App\\Console\\Commands\\Info), Object(Symfony\\Component\\Console\\Input\\ArgvInput), Object(Symfony\\Component\\Console\\Output\\ConsoleOutput))
#12 /Users/oliverbohm/project/timetape/vendor/symfony/console/Application.php(140): Symfony\\Component\\Console\\Application->doRun(Object(Symfony\\Component\\Console\\Input\\ArgvInput), Object(Symfony\\Component\\Console\\Output\\ConsoleOutput))
#13 /Users/oliverbohm/project/timetape/vendor/laravel/framework/src/Illuminate/Console/Application.php(93): Symfony\\Component\\Console\\Application->run(Object(Symfony\\Component\\Console\\Input\\ArgvInput), Object(Symfony\\Component\\Console\\Output\\ConsoleOutput))
#14 /Users/oliverbohm/project/timetape/vendor/laravel/framework/src/Illuminate/Foundation/Console/Kernel.php(129): Illuminate\\Console\\Application->run(Object(Symfony\\Component\\Console\\Input\\ArgvInput), Object(Symfony\\Component\\Console\\Output\\ConsoleOutput))
#15 /Users/oliverbohm/project/timetape/artisan(37): Illuminate\\Foundation\\Console\\Kernel->handle(Object(Symfony\\Component\\Console\\Input\\ArgvInput), Object(Symfony\\Component\\Console\\Output\\ConsoleOutput))
#16 {main}
"} 
[2021-03-18 16:23:40] local.ERROR: Call to undefined method App\Service\IcsDataService::betweenStrings() {"exception":"[object] (Error(code: 0): Call to undefined method App\\Service\\IcsDataService::betweenStrings() at /Users/oliverbohm/project/timetape/app/Service/IcsDataService.php:38)
[stacktrace]
#0 [internal function]: App\\Service\\IcsDataService->App\\Service\\{closure}(Array)
#1 /Users/oliverbohm/project/timetape/app/Service/IcsDataService.php(45): array_filter(Array, Object(Closure))
#2 /Users/oliverbohm/project/timetape/app/Console/Commands/Info.php(35): App\\Service\\IcsDataService->currentlyAbsent(Array)
#3 /Users/oliverbohm/project/timetape/app/Console/Commands/Info.php(46): App\\Console\\Commands\\Info->message(Array)
#4 [internal function]: App\\Console\\Commands\\Info->handle(Object(App\\Service\\CalendarParser))
#5 /Users/oliverbohm/project/timetape/vendor/laravel/framework/src/Illuminate/Container/BoundMethod.php(37): call_user_func_array(Array, Array)
#6 /Users/oliverbohm/project/timetape/vendor/laravel/framework/src/Illuminate/Container/Util.php(37): Illuminate\\Container\\BoundMethod::Illuminate\\Container\\{closure}()
#7 /Users/oliverbohm/project/timetape/vendor/laravel/framework/src/Illuminate/Container/BoundMethod.php(95): Illuminate\\Container\\Util::unwrapIfClosure(Object(Closure))
#8 /Users/oliverbohm/project/timetape/vendor/laravel/framework/src/Illuminate/Container/BoundMethod.php(39): Illuminate\\Container\\BoundMethod::callBoundMethod(Object(Illuminate\\Foundation\\Application), Array, Object(Closure))
#9 /Users/oliverbohm/project/timetape/vendor/laravel/framework/src/Illuminate/Container/Container.php(592): Illuminate\\Container\\BoundMethod::call(Object(Illuminate\\Foundation\\Application), Array, Array, NULL)
#10 /Users/oliverbohm/project/timetape/vendor/laravel/framework/src/Illuminate/Console/Command.php(134): Illuminate\\Container\\Container->call(Array)
#11 /Users/oliverbohm/project/timetape/vendor/symfony/console/Command/Command.php(258): Illuminate\\Console\\Command->execute(Object(Symfony\\Component\\Console\\Input\\ArgvInput), Object(Illuminate\\Console\\OutputStyle))
#12 /Users/oliverbohm/project/timetape/vendor/laravel/framework/src/Illuminate/Console/Command.php(121): Symfony\\Component\\Console\\Command\\Command->run(Object(Symfony\\Component\\Console\\Input\\ArgvInput), Object(Illuminate\\Console\\OutputStyle))
#13 /Users/oliverbohm/project/timetape/vendor/symfony/console/Application.php(911): Illuminate\\Console\\Command->run(Object(Symfony\\Component\\Console\\Input\\ArgvInput), Object(Symfony\\Component\\Console\\Output\\ConsoleOutput))
#14 /Users/oliverbohm/project/timetape/vendor/symfony/console/Application.php(264): Symfony\\Component\\Console\\Application->doRunCommand(Object(App\\Console\\Commands\\Info), Object(Symfony\\Component\\Console\\Input\\ArgvInput), Object(Symfony\\Component\\Console\\Output\\ConsoleOutput))
#15 /Users/oliverbohm/project/timetape/vendor/symfony/console/Application.php(140): Symfony\\Component\\Console\\Application->doRun(Object(Symfony\\Component\\Console\\Input\\ArgvInput), Object(Symfony\\Component\\Console\\Output\\ConsoleOutput))
#16 /Users/oliverbohm/project/timetape/vendor/laravel/framework/src/Illuminate/Console/Application.php(93): Symfony\\Component\\Console\\Application->run(Object(Symfony\\Component\\Console\\Input\\ArgvInput), Object(Symfony\\Component\\Console\\Output\\ConsoleOutput))
#17 /Users/oliverbohm/project/timetape/vendor/laravel/framework/src/Illuminate/Foundation/Console/Kernel.php(129): Illuminate\\Console\\Application->run(Object(Symfony\\Component\\Console\\Input\\ArgvInput), Object(Symfony\\Component\\Console\\Output\\ConsoleOutput))
#18 /Users/oliverbohm/project/timetape/artisan(37): Illuminate\\Foundation\\Console\\Kernel->handle(Object(Symfony\\Component\\Console\\Input\\ArgvInput), Object(Symfony\\Component\\Console\\Output\\ConsoleOutput))
#19 {main}
"} 
[2021-03-18 16:24:28] local.ERROR: Trying to get property 'absenceType' of non-object {"exception":"[object] (ErrorException(code: 0): Trying to get property 'absenceType' of non-object at /Users/oliverbohm/project/timetape/app/Service/IcsDataService.php:38)
[stacktrace]
#0 /Users/oliverbohm/project/timetape/app/Service/IcsDataService.php(38): Illuminate\\Foundation\\Bootstrap\\HandleExceptions->handleError(8, 'Trying to get p...', '/Users/oliverbo...', 38, Array)
#1 [internal function]: App\\Service\\IcsDataService->App\\Service\\{closure}(Array)
#2 /Users/oliverbohm/project/timetape/app/Service/IcsDataService.php(44): array_filter(Array, Object(Closure))
#3 /Users/oliverbohm/project/timetape/app/Console/Commands/Info.php(35): App\\Service\\IcsDataService->currentlyAbsent(Array)
#4 /Users/oliverbohm/project/timetape/app/Console/Commands/Info.php(46): App\\Console\\Commands\\Info->message(Array)
#5 [internal function]: App\\Console\\Commands\\Info->handle(Object(App\\Service\\CalendarParser))
#6 /Users/oliverbohm/project/timetape/vendor/laravel/framework/src/Illuminate/Container/BoundMethod.php(37): call_user_func_array(Array, Array)
#7 /Users/oliverbohm/project/timetape/vendor/laravel/framework/src/Illuminate/Container/Util.php(37): Illuminate\\Container\\BoundMethod::Illuminate\\Container\\{closure}()
#8 /Users/oliverbohm/project/timetape/vendor/laravel/framework/src/Illuminate/Container/BoundMethod.php(95): Illuminate\\Container\\Util::unwrapIfClosure(Object(Closure))
#9 /Users/oliverbohm/project/timetape/vendor/laravel/framework/src/Illuminate/Container/BoundMethod.php(39): Illuminate\\Container\\BoundMethod::callBoundMethod(Object(Illuminate\\Foundation\\Application), Array, Object(Closure))
#10 /Users/oliverbohm/project/timetape/vendor/laravel/framework/src/Illuminate/Container/Container.php(592): Illuminate\\Container\\BoundMethod::call(Object(Illuminate\\Foundation\\Application), Array, Array, NULL)
#11 /Users/oliverbohm/project/timetape/vendor/laravel/framework/src/Illuminate/Console/Command.php(134): Illuminate\\Container\\Container->call(Array)
#12 /Users/oliverbohm/project/timetape/vendor/symfony/console/Command/Command.php(258): Illuminate\\Console\\Command->execute(Object(Symfony\\Component\\Console\\Input\\ArgvInput), Object(Illuminate\\Console\\OutputStyle))
#13 /Users/oliverbohm/project/timetape/vendor/laravel/framework/src/Illuminate/Console/Command.php(121): Symfony\\Component\\Console\\Command\\Command->run(Object(Symfony\\Component\\Console\\Input\\ArgvInput), Object(Illuminate\\Console\\OutputStyle))
#14 /Users/oliverbohm/project/timetape/vendor/symfony/console/Application.php(911): Illuminate\\Console\\Command->run(Object(Symfony\\Component\\Console\\Input\\ArgvInput), Object(Symfony\\Component\\Console\\Output\\ConsoleOutput))
#15 /Users/oliverbohm/project/timetape/vendor/symfony/console/Application.php(264): Symfony\\Component\\Console\\Application->doRunCommand(Object(App\\Console\\Commands\\Info), Object(Symfony\\Component\\Console\\Input\\ArgvInput), Object(Symfony\\Component\\Console\\Output\\ConsoleOutput))
#16 /Users/oliverbohm/project/timetape/vendor/symfony/console/Application.php(140): Symfony\\Component\\Console\\Application->doRun(Object(Symfony\\Component\\Console\\Input\\ArgvInput), Object(Symfony\\Component\\Console\\Output\\ConsoleOutput))
#17 /Users/oliverbohm/project/timetape/vendor/laravel/framework/src/Illuminate/Console/Application.php(93): Symfony\\Component\\Console\\Application->run(Object(Symfony\\Component\\Console\\Input\\ArgvInput), Object(Symfony\\Component\\Console\\Output\\ConsoleOutput))
#18 /Users/oliverbohm/project/timetape/vendor/laravel/framework/src/Illuminate/Foundation/Console/Kernel.php(129): Illuminate\\Console\\Application->run(Object(Symfony\\Component\\Console\\Input\\ArgvInput), Object(Symfony\\Component\\Console\\Output\\ConsoleOutput))
#19 /Users/oliverbohm/project/timetape/artisan(37): Illuminate\\Foundation\\Console\\Kernel->handle(Object(Symfony\\Component\\Console\\Input\\ArgvInput), Object(Symfony\\Component\\Console\\Output\\ConsoleOutput))
#20 {main}
"} 
